{
  "C:\\Users\\aym-a\\Workspace\\OCR\\P5\\Testez-une-application-full-stack\\front\\src\\polyfills.ts": {
    "path": "C:\\Users\\aym-a\\Workspace\\OCR\\P5\\Testez-une-application-full-stack\\front\\src\\polyfills.ts",
    "statementMap": {},
    "fnMap": {},
    "branchMap": {},
    "s": {},
    "f": {},
    "b": {},
    "inputSourceMap": {
      "version": 3,
      "mappings": "AAAA;;;;;;;;;;;;;;;;AAgBA;;;;AAIA;;;;;;;;;;;;;;;;;;;;;;;;AAwBA;;;AAGA,OAAO,SAAP,C,CAAmB;;AAGnB",
      "names": [],
      "sourceRoot": "",
      "sources": [
        "C:\\Users\\aym-a\\Workspace\\OCR\\P5\\Testez-une-application-full-stack\\front\\src\\polyfills.ts"
      ],
      "sourcesContent": [
        "/**\r\n * This file includes polyfills needed by Angular and is loaded before the app.\r\n * You can add your own extra polyfills to this file.\r\n *\r\n * This file is divided into 2 sections:\r\n *   1. Browser polyfills. These are applied before loading ZoneJS and are sorted by browsers.\r\n *   2. Application imports. Files imported after ZoneJS that should be loaded before your main\r\n *      file.\r\n *\r\n * The current setup is for so-called \"evergreen\" browsers; the last versions of browsers that\r\n * automatically update themselves. This includes recent versions of Safari, Chrome (including\r\n * Opera), Edge on the desktop, and iOS and Chrome on mobile.\r\n *\r\n * Learn more in https://angular.io/guide/browser-support\r\n */\r\n\r\n/***************************************************************************************************\r\n * BROWSER POLYFILLS\r\n */\r\n\r\n/**\r\n * By default, zone.js will patch all possible macroTask and DomEvents\r\n * user can disable parts of macroTask/DomEvents patch by setting following flags\r\n * because those flags need to be set before `zone.js` being loaded, and webpack\r\n * will put import in the top of bundle, so user need to create a separate file\r\n * in this directory (for example: zone-flags.ts), and put the following flags\r\n * into that file, and then add the following code before importing zone.js.\r\n * import './zone-flags';\r\n *\r\n * The flags allowed in zone-flags.ts are listed here.\r\n *\r\n * The following flags will work for all browsers.\r\n *\r\n * (window as any).__Zone_disable_requestAnimationFrame = true; // disable patch requestAnimationFrame\r\n * (window as any).__Zone_disable_on_property = true; // disable patch onProperty such as onclick\r\n * (window as any).__zone_symbol__UNPATCHED_EVENTS = ['scroll', 'mousemove']; // disable patch specified eventNames\r\n *\r\n *  in IE/Edge developer tools, the addEventListener will also be wrapped by zone.js\r\n *  with the following flag, it will bypass `zone.js` patch for IE/Edge\r\n *\r\n *  (window as any).__Zone_enable_cross_context_check = true;\r\n *\r\n */\r\n\r\n/***************************************************************************************************\r\n * Zone JS is required by default for Angular itself.\r\n */\r\nimport 'zone.js';  // Included with Angular CLI.\r\n\r\n\r\n/***************************************************************************************************\r\n * APPLICATION IMPORTS\r\n */\r\n"
      ]
    },
    "_coverageSchema": "1a1c01bbd47fc00a2c39e90264f33305004495a9",
    "hash": "620c0c0e09551560957cefe82783ab3b34e2b31c"
  },
  "C:\\Users\\aym-a\\Workspace\\OCR\\P5\\Testez-une-application-full-stack\\front\\src\\app\\services\\session.service.ts": {
    "path": "C:\\Users\\aym-a\\Workspace\\OCR\\P5\\Testez-une-application-full-stack\\front\\src\\app\\services\\session.service.ts",
    "statementMap": {
      "0": {
        "start": {
          "line": 3,
          "column": 41
        },
        "end": {
          "line": 42,
          "column": 4
        }
      },
      "1": {
        "start": {
          "line": 6,
          "column": 6
        },
        "end": {
          "line": 6,
          "column": 28
        }
      },
      "2": {
        "start": {
          "line": 7,
          "column": 6
        },
        "end": {
          "line": 7,
          "column": 64
        }
      },
      "3": {
        "start": {
          "line": 11,
          "column": 6
        },
        "end": {
          "line": 11,
          "column": 49
        }
      },
      "4": {
        "start": {
          "line": 15,
          "column": 6
        },
        "end": {
          "line": 15,
          "column": 37
        }
      },
      "5": {
        "start": {
          "line": 16,
          "column": 6
        },
        "end": {
          "line": 16,
          "column": 27
        }
      },
      "6": {
        "start": {
          "line": 17,
          "column": 6
        },
        "end": {
          "line": 17,
          "column": 18
        }
      },
      "7": {
        "start": {
          "line": 21,
          "column": 6
        },
        "end": {
          "line": 21,
          "column": 42
        }
      },
      "8": {
        "start": {
          "line": 22,
          "column": 6
        },
        "end": {
          "line": 22,
          "column": 28
        }
      },
      "9": {
        "start": {
          "line": 23,
          "column": 6
        },
        "end": {
          "line": 23,
          "column": 18
        }
      },
      "10": {
        "start": {
          "line": 27,
          "column": 6
        },
        "end": {
          "line": 27,
          "column": 47
        }
      },
      "11": {
        "start": {
          "line": 32,
          "column": 2
        },
        "end": {
          "line": 34,
          "column": 4
        }
      },
      "12": {
        "start": {
          "line": 33,
          "column": 4
        },
        "end": {
          "line": 33,
          "column": 39
        }
      },
      "13": {
        "start": {
          "line": 36,
          "column": 2
        },
        "end": {
          "line": 40,
          "column": 5
        }
      },
      "14": {
        "start": {
          "line": 41,
          "column": 2
        },
        "end": {
          "line": 41,
          "column": 24
        }
      }
    },
    "fnMap": {
      "0": {
        "name": "(anonymous_0)",
        "decl": {
          "start": {
            "line": 3,
            "column": 42
          },
          "end": {
            "line": 3,
            "column": 43
          }
        },
        "loc": {
          "start": {
            "line": 3,
            "column": 48
          },
          "end": {
            "line": 42,
            "column": 1
          }
        },
        "line": 3
      },
      "1": {
        "name": "(anonymous_1)",
        "decl": {
          "start": {
            "line": 5,
            "column": 4
          },
          "end": {
            "line": 5,
            "column": 5
          }
        },
        "loc": {
          "start": {
            "line": 5,
            "column": 18
          },
          "end": {
            "line": 8,
            "column": 5
          }
        },
        "line": 5
      },
      "2": {
        "name": "(anonymous_2)",
        "decl": {
          "start": {
            "line": 10,
            "column": 4
          },
          "end": {
            "line": 10,
            "column": 5
          }
        },
        "loc": {
          "start": {
            "line": 10,
            "column": 16
          },
          "end": {
            "line": 12,
            "column": 5
          }
        },
        "line": 10
      },
      "3": {
        "name": "(anonymous_3)",
        "decl": {
          "start": {
            "line": 14,
            "column": 4
          },
          "end": {
            "line": 14,
            "column": 5
          }
        },
        "loc": {
          "start": {
            "line": 14,
            "column": 16
          },
          "end": {
            "line": 18,
            "column": 5
          }
        },
        "line": 14
      },
      "4": {
        "name": "(anonymous_4)",
        "decl": {
          "start": {
            "line": 20,
            "column": 4
          },
          "end": {
            "line": 20,
            "column": 5
          }
        },
        "loc": {
          "start": {
            "line": 20,
            "column": 13
          },
          "end": {
            "line": 24,
            "column": 5
          }
        },
        "line": 20
      },
      "5": {
        "name": "(anonymous_5)",
        "decl": {
          "start": {
            "line": 26,
            "column": 4
          },
          "end": {
            "line": 26,
            "column": 5
          }
        },
        "loc": {
          "start": {
            "line": 26,
            "column": 11
          },
          "end": {
            "line": 28,
            "column": 5
          }
        },
        "line": 26
      },
      "6": {
        "name": "SessionService_Factory",
        "decl": {
          "start": {
            "line": 32,
            "column": 33
          },
          "end": {
            "line": 32,
            "column": 55
          }
        },
        "loc": {
          "start": {
            "line": 32,
            "column": 59
          },
          "end": {
            "line": 34,
            "column": 3
          }
        },
        "line": 32
      }
    },
    "branchMap": {
      "0": {
        "loc": {
          "start": {
            "line": 33,
            "column": 16
          },
          "end": {
            "line": 33,
            "column": 35
          }
        },
        "type": "binary-expr",
        "locations": [
          {
            "start": {
              "line": 33,
              "column": 16
            },
            "end": {
              "line": 33,
              "column": 17
            }
          },
          {
            "start": {
              "line": 33,
              "column": 21
            },
            "end": {
              "line": 33,
              "column": 35
            }
          }
        ],
        "line": 33
      }
    },
    "s": {
      "0": 345,
      "1": 345,
      "2": 345,
      "3": 29993,
      "4": 177,
      "5": 177,
      "6": 177,
      "7": 15,
      "8": 15,
      "9": 15,
      "10": 192,
      "11": 345,
      "12": 345,
      "13": 345,
      "14": 345
    },
    "f": {
      "0": 345,
      "1": 345,
      "2": 29993,
      "3": 177,
      "4": 15,
      "5": 192,
      "6": 345
    },
    "b": {
      "0": [
        345,
        345
      ]
    },
    "inputSourceMap": {
      "version": 3,
      "mappings": "AACA,SAASA,eAAT,QAA4C,MAA5C;;AAMA,WAAaC,cAAb;EAAM,MAAOA,cAAP,CAAqB;IAH3BC;MAKS,gBAAW,KAAX;MAGC,uBAAkB,IAAIF,eAAJ,CAA6B,KAAKG,QAAlC,CAAlB;IAqBT;;IAnBQC,SAAS;MACd,OAAO,KAAKC,eAAL,CAAqBC,YAArB,EAAP;IACD;;IAEMC,KAAK,CAACC,IAAD,EAAyB;MACnC,KAAKC,kBAAL,GAA0BD,IAA1B;MACA,KAAKL,QAAL,GAAgB,IAAhB;MACA,KAAKO,IAAL;IACD;;IAEMC,MAAM;MACX,KAAKF,kBAAL,GAA0BG,SAA1B;MACA,KAAKT,QAAL,GAAgB,KAAhB;MACA,KAAKO,IAAL;IACD;;IAEOA,IAAI;MACV,KAAKL,eAAL,CAAqBK,IAArB,CAA0B,KAAKP,QAA/B;IACD;;EAzBwB;;;qBAAdF;EAAc;;;WAAdA;IAAcY,SAAdZ,cAAc;IAAAa,YAFb;;EAEd,OAAab,cAAb;AAAA",
      "names": [
        "BehaviorSubject",
        "SessionService",
        "constructor",
        "isLogged",
        "$isLogged",
        "isLoggedSubject",
        "asObservable",
        "logIn",
        "user",
        "sessionInformation",
        "next",
        "logOut",
        "undefined",
        "factory",
        "providedIn"
      ],
      "sourceRoot": "",
      "sources": [
        "C:\\Users\\aym-a\\Workspace\\OCR\\P5\\Testez-une-application-full-stack\\front\\src\\app\\services\\session.service.ts"
      ],
      "sourcesContent": [
        "import { Injectable } from '@angular/core';\r\nimport { BehaviorSubject, Observable } from 'rxjs';\r\nimport { SessionInformation } from '../interfaces/sessionInformation.interface';\r\n\r\n@Injectable({\r\n  providedIn: 'root'\r\n})\r\nexport class SessionService {\r\n\r\n  public isLogged = false;\r\n  public sessionInformation: SessionInformation | undefined;\r\n\r\n  private isLoggedSubject = new BehaviorSubject<boolean>(this.isLogged);\r\n\r\n  public $isLogged(): Observable<boolean> {\r\n    return this.isLoggedSubject.asObservable();\r\n  }\r\n\r\n  public logIn(user: SessionInformation): void {\r\n    this.sessionInformation = user;\r\n    this.isLogged = true;\r\n    this.next();\r\n  }\r\n\r\n  public logOut(): void {\r\n    this.sessionInformation = undefined;\r\n    this.isLogged = false;\r\n    this.next();\r\n  }\r\n\r\n  private next(): void {\r\n    this.isLoggedSubject.next(this.isLogged);\r\n  }\r\n}\r\n"
      ]
    },
    "_coverageSchema": "1a1c01bbd47fc00a2c39e90264f33305004495a9",
    "hash": "21e94d748c5734835fd019a4a2a5b9f19e4ac6f8"
  },
  "C:\\Users\\aym-a\\Workspace\\OCR\\P5\\Testez-une-application-full-stack\\front\\src\\app\\services\\user.service.ts": {
    "path": "C:\\Users\\aym-a\\Workspace\\OCR\\P5\\Testez-une-application-full-stack\\front\\src\\app\\services\\user.service.ts",
    "statementMap": {
      "0": {
        "start": {
          "line": 3,
          "column": 38
        },
        "end": {
          "line": 30,
          "column": 4
        }
      },
      "1": {
        "start": {
          "line": 6,
          "column": 6
        },
        "end": {
          "line": 6,
          "column": 35
        }
      },
      "2": {
        "start": {
          "line": 7,
          "column": 6
        },
        "end": {
          "line": 7,
          "column": 36
        }
      },
      "3": {
        "start": {
          "line": 11,
          "column": 6
        },
        "end": {
          "line": 11,
          "column": 62
        }
      },
      "4": {
        "start": {
          "line": 15,
          "column": 6
        },
        "end": {
          "line": 15,
          "column": 65
        }
      },
      "5": {
        "start": {
          "line": 20,
          "column": 2
        },
        "end": {
          "line": 22,
          "column": 4
        }
      },
      "6": {
        "start": {
          "line": 21,
          "column": 4
        },
        "end": {
          "line": 21,
          "column": 62
        }
      },
      "7": {
        "start": {
          "line": 24,
          "column": 2
        },
        "end": {
          "line": 28,
          "column": 5
        }
      },
      "8": {
        "start": {
          "line": 29,
          "column": 2
        },
        "end": {
          "line": 29,
          "column": 21
        }
      }
    },
    "fnMap": {
      "0": {
        "name": "(anonymous_0)",
        "decl": {
          "start": {
            "line": 3,
            "column": 39
          },
          "end": {
            "line": 3,
            "column": 40
          }
        },
        "loc": {
          "start": {
            "line": 3,
            "column": 45
          },
          "end": {
            "line": 30,
            "column": 1
          }
        },
        "line": 3
      },
      "1": {
        "name": "(anonymous_1)",
        "decl": {
          "start": {
            "line": 5,
            "column": 4
          },
          "end": {
            "line": 5,
            "column": 5
          }
        },
        "loc": {
          "start": {
            "line": 5,
            "column": 28
          },
          "end": {
            "line": 8,
            "column": 5
          }
        },
        "line": 5
      },
      "2": {
        "name": "(anonymous_2)",
        "decl": {
          "start": {
            "line": 10,
            "column": 4
          },
          "end": {
            "line": 10,
            "column": 5
          }
        },
        "loc": {
          "start": {
            "line": 10,
            "column": 16
          },
          "end": {
            "line": 12,
            "column": 5
          }
        },
        "line": 10
      },
      "3": {
        "name": "(anonymous_3)",
        "decl": {
          "start": {
            "line": 14,
            "column": 4
          },
          "end": {
            "line": 14,
            "column": 5
          }
        },
        "loc": {
          "start": {
            "line": 14,
            "column": 15
          },
          "end": {
            "line": 16,
            "column": 5
          }
        },
        "line": 14
      },
      "4": {
        "name": "UserService_Factory",
        "decl": {
          "start": {
            "line": 20,
            "column": 30
          },
          "end": {
            "line": 20,
            "column": 49
          }
        },
        "loc": {
          "start": {
            "line": 20,
            "column": 53
          },
          "end": {
            "line": 22,
            "column": 3
          }
        },
        "line": 20
      }
    },
    "branchMap": {
      "0": {
        "loc": {
          "start": {
            "line": 21,
            "column": 16
          },
          "end": {
            "line": 21,
            "column": 32
          }
        },
        "type": "binary-expr",
        "locations": [
          {
            "start": {
              "line": 21,
              "column": 16
            },
            "end": {
              "line": 21,
              "column": 17
            }
          },
          {
            "start": {
              "line": 21,
              "column": 21
            },
            "end": {
              "line": 21,
              "column": 32
            }
          }
        ],
        "line": 21
      }
    },
    "s": {
      "0": 345,
      "1": 45,
      "2": 45,
      "3": 45,
      "4": 7,
      "5": 345,
      "6": 45,
      "7": 345,
      "8": 345
    },
    "f": {
      "0": 345,
      "1": 45,
      "2": 45,
      "3": 7,
      "4": 45
    },
    "b": {
      "0": [
        45,
        45
      ]
    },
    "inputSourceMap": {
      "version": 3,
      "mappings": ";;AAQA,WAAaA,WAAb;EAAM,MAAOA,WAAP,CAAkB;IAItBC,YAAoBC,UAApB,EAA0C;MAAtB;MAFZ,mBAAc,UAAd;IAEuC;;IAExCC,OAAO,CAACC,EAAD,EAAW;MACvB,OAAO,KAAKF,UAAL,CAAgBG,GAAhB,CAA0B,GAAG,KAAKC,WAAW,IAAIF,EAAE,EAAnD,CAAP;IACD;;IAEMG,MAAM,CAACH,EAAD,EAAW;MACtB,OAAO,KAAKF,UAAL,CAAgBK,MAAhB,CAAuB,GAAG,KAAKD,WAAW,IAAIF,EAAE,EAAhD,CAAP;IACD;;EAZqB;;;qBAAXJ,aAAWQ;EAAA;;;WAAXR;IAAWS,SAAXT,WAAW;IAAAU,YAFV;;EAEd,OAAaV,WAAb;AAAA",
      "names": [
        "UserService",
        "constructor",
        "httpClient",
        "getById",
        "id",
        "get",
        "pathService",
        "delete",
        "i0",
        "factory",
        "providedIn"
      ],
      "sourceRoot": "",
      "sources": [
        "C:\\Users\\aym-a\\Workspace\\OCR\\P5\\Testez-une-application-full-stack\\front\\src\\app\\services\\user.service.ts"
      ],
      "sourcesContent": [
        "import { HttpClient } from '@angular/common/http';\r\nimport { Injectable } from '@angular/core';\r\nimport { Observable } from 'rxjs';\r\nimport { User } from '../interfaces/user.interface';\r\n\r\n@Injectable({\r\n  providedIn: 'root'\r\n})\r\nexport class UserService {\r\n\r\n  private pathService = 'api/user';\r\n\r\n  constructor(private httpClient: HttpClient) { }\r\n\r\n  public getById(id: string): Observable<User> {\r\n    return this.httpClient.get<User>(`${this.pathService}/${id}`);\r\n  }\r\n\r\n  public delete(id: string): Observable<any> {\r\n    return this.httpClient.delete(`${this.pathService}/${id}`);\r\n  }\r\n}\r\n"
      ]
    },
    "_coverageSchema": "1a1c01bbd47fc00a2c39e90264f33305004495a9",
    "hash": "7891ab46a3b600a835b039e42793986316c84e96"
  },
  "C:\\Users\\aym-a\\Workspace\\OCR\\P5\\Testez-une-application-full-stack\\front\\src\\app\\components\\me\\me.component.ts": {
    "path": "C:\\Users\\aym-a\\Workspace\\OCR\\P5\\Testez-une-application-full-stack\\front\\src\\app\\components\\me\\me.component.ts",
    "statementMap": {
      "0": {
        "start": {
          "line": 13,
          "column": 2
        },
        "end": {
          "line": 17,
          "column": 3
        }
      },
      "1": {
        "start": {
          "line": 14,
          "column": 4
        },
        "end": {
          "line": 14,
          "column": 34
        }
      },
      "2": {
        "start": {
          "line": 15,
          "column": 4
        },
        "end": {
          "line": 15,
          "column": 34
        }
      },
      "3": {
        "start": {
          "line": 16,
          "column": 4
        },
        "end": {
          "line": 16,
          "column": 22
        }
      },
      "4": {
        "start": {
          "line": 21,
          "column": 2
        },
        "end": {
          "line": 39,
          "column": 3
        }
      },
      "5": {
        "start": {
          "line": 22,
          "column": 16
        },
        "end": {
          "line": 22,
          "column": 37
        }
      },
      "6": {
        "start": {
          "line": 24,
          "column": 4
        },
        "end": {
          "line": 24,
          "column": 44
        }
      },
      "7": {
        "start": {
          "line": 25,
          "column": 4
        },
        "end": {
          "line": 25,
          "column": 39
        }
      },
      "8": {
        "start": {
          "line": 26,
          "column": 4
        },
        "end": {
          "line": 26,
          "column": 22
        }
      },
      "9": {
        "start": {
          "line": 27,
          "column": 4
        },
        "end": {
          "line": 27,
          "column": 39
        }
      },
      "10": {
        "start": {
          "line": 28,
          "column": 4
        },
        "end": {
          "line": 32,
          "column": 7
        }
      },
      "11": {
        "start": {
          "line": 29,
          "column": 6
        },
        "end": {
          "line": 29,
          "column": 28
        }
      },
      "12": {
        "start": {
          "line": 30,
          "column": 21
        },
        "end": {
          "line": 30,
          "column": 40
        }
      },
      "13": {
        "start": {
          "line": 31,
          "column": 6
        },
        "end": {
          "line": 31,
          "column": 45
        }
      },
      "14": {
        "start": {
          "line": 33,
          "column": 4
        },
        "end": {
          "line": 33,
          "column": 37
        }
      },
      "15": {
        "start": {
          "line": 34,
          "column": 4
        },
        "end": {
          "line": 34,
          "column": 27
        }
      },
      "16": {
        "start": {
          "line": 35,
          "column": 4
        },
        "end": {
          "line": 35,
          "column": 22
        }
      },
      "17": {
        "start": {
          "line": 36,
          "column": 4
        },
        "end": {
          "line": 36,
          "column": 37
        }
      },
      "18": {
        "start": {
          "line": 37,
          "column": 4
        },
        "end": {
          "line": 37,
          "column": 27
        }
      },
      "19": {
        "start": {
          "line": 38,
          "column": 4
        },
        "end": {
          "line": 38,
          "column": 26
        }
      },
      "20": {
        "start": {
          "line": 43,
          "column": 2
        },
        "end": {
          "line": 65,
          "column": 3
        }
      },
      "21": {
        "start": {
          "line": 44,
          "column": 4
        },
        "end": {
          "line": 44,
          "column": 46
        }
      },
      "22": {
        "start": {
          "line": 45,
          "column": 4
        },
        "end": {
          "line": 45,
          "column": 17
        }
      },
      "23": {
        "start": {
          "line": 46,
          "column": 4
        },
        "end": {
          "line": 46,
          "column": 30
        }
      },
      "24": {
        "start": {
          "line": 47,
          "column": 4
        },
        "end": {
          "line": 47,
          "column": 22
        }
      },
      "25": {
        "start": {
          "line": 48,
          "column": 4
        },
        "end": {
          "line": 48,
          "column": 33
        }
      },
      "26": {
        "start": {
          "line": 49,
          "column": 4
        },
        "end": {
          "line": 49,
          "column": 17
        }
      },
      "27": {
        "start": {
          "line": 50,
          "column": 4
        },
        "end": {
          "line": 50,
          "column": 22
        }
      },
      "28": {
        "start": {
          "line": 51,
          "column": 4
        },
        "end": {
          "line": 51,
          "column": 68
        }
      },
      "29": {
        "start": {
          "line": 52,
          "column": 4
        },
        "end": {
          "line": 52,
          "column": 72
        }
      },
      "30": {
        "start": {
          "line": 53,
          "column": 4
        },
        "end": {
          "line": 53,
          "column": 56
        }
      },
      "31": {
        "start": {
          "line": 54,
          "column": 4
        },
        "end": {
          "line": 54,
          "column": 33
        }
      },
      "32": {
        "start": {
          "line": 55,
          "column": 4
        },
        "end": {
          "line": 55,
          "column": 22
        }
      },
      "33": {
        "start": {
          "line": 56,
          "column": 4
        },
        "end": {
          "line": 56,
          "column": 18
        }
      },
      "34": {
        "start": {
          "line": 57,
          "column": 4
        },
        "end": {
          "line": 57,
          "column": 26
        }
      },
      "35": {
        "start": {
          "line": 58,
          "column": 4
        },
        "end": {
          "line": 58,
          "column": 22
        }
      },
      "36": {
        "start": {
          "line": 59,
          "column": 4
        },
        "end": {
          "line": 59,
          "column": 44
        }
      },
      "37": {
        "start": {
          "line": 60,
          "column": 4
        },
        "end": {
          "line": 60,
          "column": 35
        }
      },
      "38": {
        "start": {
          "line": 61,
          "column": 4
        },
        "end": {
          "line": 61,
          "column": 22
        }
      },
      "39": {
        "start": {
          "line": 62,
          "column": 4
        },
        "end": {
          "line": 62,
          "column": 18
        }
      },
      "40": {
        "start": {
          "line": 63,
          "column": 4
        },
        "end": {
          "line": 63,
          "column": 26
        }
      },
      "41": {
        "start": {
          "line": 64,
          "column": 4
        },
        "end": {
          "line": 64,
          "column": 26
        }
      },
      "42": {
        "start": {
          "line": 67,
          "column": 2
        },
        "end": {
          "line": 81,
          "column": 3
        }
      },
      "43": {
        "start": {
          "line": 68,
          "column": 19
        },
        "end": {
          "line": 68,
          "column": 37
        }
      },
      "44": {
        "start": {
          "line": 69,
          "column": 4
        },
        "end": {
          "line": 69,
          "column": 20
        }
      },
      "45": {
        "start": {
          "line": 70,
          "column": 4
        },
        "end": {
          "line": 70,
          "column": 112
        }
      },
      "46": {
        "start": {
          "line": 71,
          "column": 4
        },
        "end": {
          "line": 71,
          "column": 20
        }
      },
      "47": {
        "start": {
          "line": 72,
          "column": 4
        },
        "end": {
          "line": 72,
          "column": 60
        }
      },
      "48": {
        "start": {
          "line": 73,
          "column": 4
        },
        "end": {
          "line": 73,
          "column": 20
        }
      },
      "49": {
        "start": {
          "line": 74,
          "column": 4
        },
        "end": {
          "line": 74,
          "column": 45
        }
      },
      "50": {
        "start": {
          "line": 75,
          "column": 4
        },
        "end": {
          "line": 75,
          "column": 20
        }
      },
      "51": {
        "start": {
          "line": 76,
          "column": 4
        },
        "end": {
          "line": 76,
          "column": 46
        }
      },
      "52": {
        "start": {
          "line": 77,
          "column": 4
        },
        "end": {
          "line": 77,
          "column": 20
        }
      },
      "53": {
        "start": {
          "line": 78,
          "column": 4
        },
        "end": {
          "line": 78,
          "column": 83
        }
      },
      "54": {
        "start": {
          "line": 79,
          "column": 4
        },
        "end": {
          "line": 79,
          "column": 20
        }
      },
      "55": {
        "start": {
          "line": 80,
          "column": 4
        },
        "end": {
          "line": 80,
          "column": 84
        }
      },
      "56": {
        "start": {
          "line": 84,
          "column": 38
        },
        "end": {
          "line": 148,
          "column": 4
        }
      },
      "57": {
        "start": {
          "line": 87,
          "column": 6
        },
        "end": {
          "line": 87,
          "column": 27
        }
      },
      "58": {
        "start": {
          "line": 88,
          "column": 6
        },
        "end": {
          "line": 88,
          "column": 43
        }
      },
      "59": {
        "start": {
          "line": 89,
          "column": 6
        },
        "end": {
          "line": 89,
          "column": 37
        }
      },
      "60": {
        "start": {
          "line": 90,
          "column": 6
        },
        "end": {
          "line": 90,
          "column": 37
        }
      },
      "61": {
        "start": {
          "line": 94,
          "column": 6
        },
        "end": {
          "line": 94,
          "column": 121
        }
      },
      "62": {
        "start": {
          "line": 94,
          "column": 103
        },
        "end": {
          "line": 94,
          "column": 119
        }
      },
      "63": {
        "start": {
          "line": 98,
          "column": 6
        },
        "end": {
          "line": 98,
          "column": 28
        }
      },
      "64": {
        "start": {
          "line": 102,
          "column": 6
        },
        "end": {
          "line": 108,
          "column": 9
        }
      },
      "65": {
        "start": {
          "line": 103,
          "column": 8
        },
        "end": {
          "line": 105,
          "column": 11
        }
      },
      "66": {
        "start": {
          "line": 106,
          "column": 8
        },
        "end": {
          "line": 106,
          "column": 37
        }
      },
      "67": {
        "start": {
          "line": 107,
          "column": 8
        },
        "end": {
          "line": 107,
          "column": 36
        }
      },
      "68": {
        "start": {
          "line": 113,
          "column": 2
        },
        "end": {
          "line": 115,
          "column": 4
        }
      },
      "69": {
        "start": {
          "line": 114,
          "column": 4
        },
        "end": {
          "line": 114,
          "column": 184
        }
      },
      "70": {
        "start": {
          "line": 117,
          "column": 2
        },
        "end": {
          "line": 146,
          "column": 5
        }
      },
      "71": {
        "start": {
          "line": 124,
          "column": 6
        },
        "end": {
          "line": 138,
          "column": 7
        }
      },
      "72": {
        "start": {
          "line": 125,
          "column": 8
        },
        "end": {
          "line": 125,
          "column": 104
        }
      },
      "73": {
        "start": {
          "line": 126,
          "column": 8
        },
        "end": {
          "line": 128,
          "column": 11
        }
      },
      "74": {
        "start": {
          "line": 127,
          "column": 10
        },
        "end": {
          "line": 127,
          "column": 28
        }
      },
      "75": {
        "start": {
          "line": 129,
          "column": 8
        },
        "end": {
          "line": 129,
          "column": 41
        }
      },
      "76": {
        "start": {
          "line": 130,
          "column": 8
        },
        "end": {
          "line": 130,
          "column": 35
        }
      },
      "77": {
        "start": {
          "line": 131,
          "column": 8
        },
        "end": {
          "line": 131,
          "column": 28
        }
      },
      "78": {
        "start": {
          "line": 132,
          "column": 8
        },
        "end": {
          "line": 132,
          "column": 35
        }
      },
      "79": {
        "start": {
          "line": 133,
          "column": 8
        },
        "end": {
          "line": 133,
          "column": 41
        }
      },
      "80": {
        "start": {
          "line": 134,
          "column": 8
        },
        "end": {
          "line": 134,
          "column": 30
        }
      },
      "81": {
        "start": {
          "line": 135,
          "column": 8
        },
        "end": {
          "line": 135,
          "column": 49
        }
      },
      "82": {
        "start": {
          "line": 136,
          "column": 8
        },
        "end": {
          "line": 136,
          "column": 73
        }
      },
      "83": {
        "start": {
          "line": 137,
          "column": 8
        },
        "end": {
          "line": 137,
          "column": 30
        }
      },
      "84": {
        "start": {
          "line": 140,
          "column": 6
        },
        "end": {
          "line": 143,
          "column": 7
        }
      },
      "85": {
        "start": {
          "line": 141,
          "column": 8
        },
        "end": {
          "line": 141,
          "column": 25
        }
      },
      "86": {
        "start": {
          "line": 142,
          "column": 8
        },
        "end": {
          "line": 142,
          "column": 40
        }
      },
      "87": {
        "start": {
          "line": 147,
          "column": 2
        },
        "end": {
          "line": 147,
          "column": 21
        }
      }
    },
    "fnMap": {
      "0": {
        "name": "MeComponent_div_10_p_6_Template",
        "decl": {
          "start": {
            "line": 12,
            "column": 9
          },
          "end": {
            "line": 12,
            "column": 40
          }
        },
        "loc": {
          "start": {
            "line": 12,
            "column": 50
          },
          "end": {
            "line": 18,
            "column": 1
          }
        },
        "line": 12
      },
      "1": {
        "name": "MeComponent_div_10_div_7_Template",
        "decl": {
          "start": {
            "line": 20,
            "column": 9
          },
          "end": {
            "line": 20,
            "column": 42
          }
        },
        "loc": {
          "start": {
            "line": 20,
            "column": 52
          },
          "end": {
            "line": 40,
            "column": 1
          }
        },
        "line": 20
      },
      "2": {
        "name": "MeComponent_div_10_div_7_Template_button_click_3_listener",
        "decl": {
          "start": {
            "line": 28,
            "column": 36
          },
          "end": {
            "line": 28,
            "column": 93
          }
        },
        "loc": {
          "start": {
            "line": 28,
            "column": 96
          },
          "end": {
            "line": 32,
            "column": 5
          }
        },
        "line": 28
      },
      "3": {
        "name": "MeComponent_div_10_Template",
        "decl": {
          "start": {
            "line": 42,
            "column": 9
          },
          "end": {
            "line": 42,
            "column": 36
          }
        },
        "loc": {
          "start": {
            "line": 42,
            "column": 46
          },
          "end": {
            "line": 82,
            "column": 1
          }
        },
        "line": 42
      },
      "4": {
        "name": "(anonymous_4)",
        "decl": {
          "start": {
            "line": 84,
            "column": 39
          },
          "end": {
            "line": 84,
            "column": 40
          }
        },
        "loc": {
          "start": {
            "line": 84,
            "column": 45
          },
          "end": {
            "line": 148,
            "column": 1
          }
        },
        "line": 84
      },
      "5": {
        "name": "(anonymous_5)",
        "decl": {
          "start": {
            "line": 86,
            "column": 4
          },
          "end": {
            "line": 86,
            "column": 5
          }
        },
        "loc": {
          "start": {
            "line": 86,
            "column": 66
          },
          "end": {
            "line": 91,
            "column": 5
          }
        },
        "line": 86
      },
      "6": {
        "name": "(anonymous_6)",
        "decl": {
          "start": {
            "line": 93,
            "column": 4
          },
          "end": {
            "line": 93,
            "column": 5
          }
        },
        "loc": {
          "start": {
            "line": 93,
            "column": 15
          },
          "end": {
            "line": 95,
            "column": 5
          }
        },
        "line": 93
      },
      "7": {
        "name": "(anonymous_7)",
        "decl": {
          "start": {
            "line": 94,
            "column": 95
          },
          "end": {
            "line": 94,
            "column": 96
          }
        },
        "loc": {
          "start": {
            "line": 94,
            "column": 103
          },
          "end": {
            "line": 94,
            "column": 119
          }
        },
        "line": 94
      },
      "8": {
        "name": "(anonymous_8)",
        "decl": {
          "start": {
            "line": 97,
            "column": 4
          },
          "end": {
            "line": 97,
            "column": 5
          }
        },
        "loc": {
          "start": {
            "line": 97,
            "column": 11
          },
          "end": {
            "line": 99,
            "column": 5
          }
        },
        "line": 97
      },
      "9": {
        "name": "(anonymous_9)",
        "decl": {
          "start": {
            "line": 101,
            "column": 4
          },
          "end": {
            "line": 101,
            "column": 5
          }
        },
        "loc": {
          "start": {
            "line": 101,
            "column": 13
          },
          "end": {
            "line": 109,
            "column": 5
          }
        },
        "line": 101
      },
      "10": {
        "name": "(anonymous_10)",
        "decl": {
          "start": {
            "line": 102,
            "column": 94
          },
          "end": {
            "line": 102,
            "column": 95
          }
        },
        "loc": {
          "start": {
            "line": 102,
            "column": 99
          },
          "end": {
            "line": 108,
            "column": 7
          }
        },
        "line": 102
      },
      "11": {
        "name": "MeComponent_Factory",
        "decl": {
          "start": {
            "line": 113,
            "column": 30
          },
          "end": {
            "line": 113,
            "column": 49
          }
        },
        "loc": {
          "start": {
            "line": 113,
            "column": 53
          },
          "end": {
            "line": 115,
            "column": 3
          }
        },
        "line": 113
      },
      "12": {
        "name": "MeComponent_Template",
        "decl": {
          "start": {
            "line": 123,
            "column": 23
          },
          "end": {
            "line": 123,
            "column": 43
          }
        },
        "loc": {
          "start": {
            "line": 123,
            "column": 53
          },
          "end": {
            "line": 144,
            "column": 5
          }
        },
        "line": 123
      },
      "13": {
        "name": "MeComponent_Template_button_click_4_listener",
        "decl": {
          "start": {
            "line": 126,
            "column": 40
          },
          "end": {
            "line": 126,
            "column": 84
          }
        },
        "loc": {
          "start": {
            "line": 126,
            "column": 87
          },
          "end": {
            "line": 128,
            "column": 9
          }
        },
        "line": 126
      }
    },
    "branchMap": {
      "0": {
        "loc": {
          "start": {
            "line": 13,
            "column": 2
          },
          "end": {
            "line": 17,
            "column": 3
          }
        },
        "type": "if",
        "locations": [
          {
            "start": {
              "line": 13,
              "column": 2
            },
            "end": {
              "line": 17,
              "column": 3
            }
          },
          {
            "start": {
              "line": 13,
              "column": 2
            },
            "end": {
              "line": 17,
              "column": 3
            }
          }
        ],
        "line": 13
      },
      "1": {
        "loc": {
          "start": {
            "line": 21,
            "column": 2
          },
          "end": {
            "line": 39,
            "column": 3
          }
        },
        "type": "if",
        "locations": [
          {
            "start": {
              "line": 21,
              "column": 2
            },
            "end": {
              "line": 39,
              "column": 3
            }
          },
          {
            "start": {
              "line": 21,
              "column": 2
            },
            "end": {
              "line": 39,
              "column": 3
            }
          }
        ],
        "line": 21
      },
      "2": {
        "loc": {
          "start": {
            "line": 43,
            "column": 2
          },
          "end": {
            "line": 65,
            "column": 3
          }
        },
        "type": "if",
        "locations": [
          {
            "start": {
              "line": 43,
              "column": 2
            },
            "end": {
              "line": 65,
              "column": 3
            }
          },
          {
            "start": {
              "line": 43,
              "column": 2
            },
            "end": {
              "line": 65,
              "column": 3
            }
          }
        ],
        "line": 43
      },
      "3": {
        "loc": {
          "start": {
            "line": 67,
            "column": 2
          },
          "end": {
            "line": 81,
            "column": 3
          }
        },
        "type": "if",
        "locations": [
          {
            "start": {
              "line": 67,
              "column": 2
            },
            "end": {
              "line": 81,
              "column": 3
            }
          },
          {
            "start": {
              "line": 67,
              "column": 2
            },
            "end": {
              "line": 81,
              "column": 3
            }
          }
        ],
        "line": 67
      },
      "4": {
        "loc": {
          "start": {
            "line": 114,
            "column": 16
          },
          "end": {
            "line": 114,
            "column": 32
          }
        },
        "type": "binary-expr",
        "locations": [
          {
            "start": {
              "line": 114,
              "column": 16
            },
            "end": {
              "line": 114,
              "column": 17
            }
          },
          {
            "start": {
              "line": 114,
              "column": 21
            },
            "end": {
              "line": 114,
              "column": 32
            }
          }
        ],
        "line": 114
      },
      "5": {
        "loc": {
          "start": {
            "line": 124,
            "column": 6
          },
          "end": {
            "line": 138,
            "column": 7
          }
        },
        "type": "if",
        "locations": [
          {
            "start": {
              "line": 124,
              "column": 6
            },
            "end": {
              "line": 138,
              "column": 7
            }
          },
          {
            "start": {
              "line": 124,
              "column": 6
            },
            "end": {
              "line": 138,
              "column": 7
            }
          }
        ],
        "line": 124
      },
      "6": {
        "loc": {
          "start": {
            "line": 140,
            "column": 6
          },
          "end": {
            "line": 143,
            "column": 7
          }
        },
        "type": "if",
        "locations": [
          {
            "start": {
              "line": 140,
              "column": 6
            },
            "end": {
              "line": 143,
              "column": 7
            }
          },
          {
            "start": {
              "line": 140,
              "column": 6
            },
            "end": {
              "line": 143,
              "column": 7
            }
          }
        ],
        "line": 140
      }
    },
    "s": {
      "0": 72,
      "1": 24,
      "2": 24,
      "3": 24,
      "4": 91,
      "5": 21,
      "6": 21,
      "7": 21,
      "8": 21,
      "9": 21,
      "10": 21,
      "11": 7,
      "12": 7,
      "13": 7,
      "14": 21,
      "15": 21,
      "16": 21,
      "17": 21,
      "18": 21,
      "19": 21,
      "20": 163,
      "21": 45,
      "22": 45,
      "23": 45,
      "24": 45,
      "25": 45,
      "26": 45,
      "27": 45,
      "28": 45,
      "29": 45,
      "30": 45,
      "31": 45,
      "32": 45,
      "33": 45,
      "34": 45,
      "35": 45,
      "36": 45,
      "37": 45,
      "38": 45,
      "39": 45,
      "40": 45,
      "41": 45,
      "42": 163,
      "43": 118,
      "44": 118,
      "45": 118,
      "46": 118,
      "47": 118,
      "48": 118,
      "49": 118,
      "50": 118,
      "51": 118,
      "52": 118,
      "53": 118,
      "54": 118,
      "55": 118,
      "56": 345,
      "57": 45,
      "58": 45,
      "59": 45,
      "60": 45,
      "61": 45,
      "62": 45,
      "63": 0,
      "64": 7,
      "65": 7,
      "66": 7,
      "67": 7,
      "68": 345,
      "69": 45,
      "70": 345,
      "71": 388,
      "72": 45,
      "73": 45,
      "74": 0,
      "75": 45,
      "76": 45,
      "77": 45,
      "78": 45,
      "79": 45,
      "80": 45,
      "81": 45,
      "82": 45,
      "83": 45,
      "84": 388,
      "85": 343,
      "86": 343,
      "87": 345
    },
    "f": {
      "0": 72,
      "1": 91,
      "2": 7,
      "3": 163,
      "4": 345,
      "5": 45,
      "6": 45,
      "7": 45,
      "8": 0,
      "9": 7,
      "10": 7,
      "11": 45,
      "12": 388,
      "13": 0
    },
    "b": {
      "0": [
        24,
        48
      ],
      "1": [
        21,
        70
      ],
      "2": [
        45,
        118
      ],
      "3": [
        118,
        45
      ],
      "4": [
        45,
        45
      ],
      "5": [
        45,
        343
      ],
      "6": [
        343,
        45
      ]
    },
    "inputSourceMap": {
      "version": 3,
      "mappings": ";;;;;;;;;;;;;IAcQA;IAA0DA;IAAaA;;;;;;;;IACvEA,gCAAqF,CAArF,EAAqF,GAArF;IACKA;IAAkBA;IACrBA;IAA2DA;MAAAA;MAAA;MAAA,OAASA,+BAAT;IAAiB,CAAjB;IACzDA;IAAUA;IAAMA;IAChBA;IAAkBA;IAAMA;;;;;;IAR9BA,+BAAiE,CAAjE,EAAiE,GAAjE,EAAiE,CAAjE;IACoBA;;IAA0DA;IAC5EA;IAAmBA;IAAuBA;IAC1CA;IACAA;IAOAA,+BAA0D,CAA1D,EAA0D,GAA1D,EAA0D,EAA1D,EAA0D,EAA1D,EAA0D,GAA1D;IAE6BA;IAAWA;IAAIA;;IAAsCA;IAChFA,+BAAwB,EAAxB,EAAwB,GAAxB;IAA2BA;IAAaA;IAAIA;;IAAqCA;;;;;IAbjEA;IAAAA;IACCA;IAAAA;IACSA;IAAAA;IACtBA;IAAAA;IASsCA;IAAAA;IACEA;IAAAA;;;;ACbtD,WAAaC,WAAb;EAAM,MAAOA,WAAP,CAAkB;IAItBC,YAAoBC,MAApB,EACoBC,cADpB,EAEoBC,WAFpB,EAGoBC,WAHpB,EAG4C;MAHxB;MACA;MACA;MACA;IACnB;;IAEMC,QAAQ;MACb,KAAKD,WAAL,CACGE,OADH,CACW,KAAKJ,cAAL,CAAoBK,kBAApB,CAAwCC,EAAxC,CAA2CC,QAA3C,EADX,EAEGC,SAFH,CAEcC,IAAD,IAAgB,KAAKA,IAAL,GAAYA,IAFzC;IAGD;;IAEMC,IAAI;MACTC,MAAM,CAACC,OAAP,CAAeF,IAAf;IACD;;IAEMG,MAAM;MACX,KAAKX,WAAL,CACGW,MADH,CACU,KAAKb,cAAL,CAAoBK,kBAApB,CAAwCC,EAAxC,CAA2CC,QAA3C,EADV,EAEGC,SAFH,CAEcM,CAAD,IAAM;QACf,KAAKb,WAAL,CAAiBc,IAAjB,CAAsB,iCAAtB,EAAyD,OAAzD,EAAkE;UAAEC,QAAQ,EAAE;QAAZ,CAAlE;QACA,KAAKhB,cAAL,CAAoBiB,MAApB;QACA,KAAKlB,MAAL,CAAYmB,QAAZ,CAAqB,CAAC,GAAD,CAArB;MACD,CANH;IAOD;;EA5BqB;;;qBAAXrB,aAAWD;EAAA;;;UAAXC;IAAWsB;IAAAC;IAAAC;IAAAC;IAAAC;MAAA;QDZxB3B,+BAAgB,CAAhB,EAAgB,UAAhB,EAAgB,CAAhB,EAAgB,gBAAhB,EAAgB,CAAhB,EAAgB,KAAhB,EAAgB,CAAhB,EAAgB,CAAhB,EAAgB,QAAhB,EAAgB,CAAhB;QAIgCA;UAAA,OAAS4B,UAAT;QAAe,CAAf;QACtB5B;QAAUA;QAAUA;QAEtBA;QAAIA;QAAgBA;QAGxBA;QACEA;QAiBFA;;;;QAjBQA;QAAAA;;;;;ECCZ,OAAaC,WAAb;AAAA",
      "names": [
        "i0",
        "MeComponent",
        "constructor",
        "router",
        "sessionService",
        "matSnackBar",
        "userService",
        "ngOnInit",
        "getById",
        "sessionInformation",
        "id",
        "toString",
        "subscribe",
        "user",
        "back",
        "window",
        "history",
        "delete",
        "_",
        "open",
        "duration",
        "logOut",
        "navigate",
        "selectors",
        "decls",
        "vars",
        "consts",
        "template",
        "ctx"
      ],
      "sourceRoot": "",
      "sources": [
        "C:\\Users\\aym-a\\Workspace\\OCR\\P5\\Testez-une-application-full-stack\\front\\src\\app\\components\\me\\me.component.html",
        "C:\\Users\\aym-a\\Workspace\\OCR\\P5\\Testez-une-application-full-stack\\front\\src\\app\\components\\me\\me.component.ts"
      ],
      "sourcesContent": [
        "<div class=\"m3\">\r\n  <mat-card>\r\n    <mat-card-title>\r\n      <div fxLayout=\"row\" fxLayoutAlign=\"start center\">\r\n        <button mat-icon-button (click)=\"back()\">\r\n          <mat-icon>arrow_back</mat-icon>\r\n        </button>\r\n        <h1>User information</h1>\r\n      </div>\r\n    </mat-card-title>\r\n    <mat-card-content>\r\n      <div *ngIf=\"user\" fxLayout=\"column\" fxLayoutAlign=\"start center\">\r\n        <p data-cy=\"name\">Name: {{ user.firstName }} {{ user.lastName | uppercase }}</p>\r\n        <p data-cy=\"email\">Email: {{ user.email }}</p>\r\n        <p data-cy=\"admin-message\" *ngIf=\"user.admin\" class=\"my2\">You are admin</p>\r\n        <div *ngIf=\"!user.admin\" fxLayout=\"column\" class=\"my2\" fxLayoutAlign=\"center center\">\r\n          <p>Delete my account:</p>\r\n          <button data-cy=\"deleteBtn\" mat-raised-button color=\"warn\" (click)=\"delete()\">\r\n            <mat-icon>delete</mat-icon>\r\n            <span class=\"ml1\">Detail</span>\r\n          </button>\r\n        </div>\r\n        <div fxLayoutAlign=\"space-between center\" class=\"p2 w100\">\r\n\r\n          <p data-cy=\"created-at\"><i>Create at: </i>{{ user.createdAt | date: 'longDate'}}</p>\r\n          <p data-cy=\"updated-at\"><i>Last update: </i>{{ user.updatedAt| date: 'longDate'}}</p>\r\n        </div>\r\n      </div>\r\n    </mat-card-content>\r\n  </mat-card>\r\n</div>\r\n",
        "import { Component, OnInit } from '@angular/core';\r\nimport { MatSnackBar } from '@angular/material/snack-bar';\r\nimport { Router } from '@angular/router';\r\nimport { User } from '../../interfaces/user.interface';\r\nimport { SessionService } from '../../services/session.service';\r\nimport { UserService } from '../../services/user.service';\r\n\r\n@Component({\r\n  selector: 'app-me',\r\n  templateUrl: './me.component.html',\r\n  styleUrls: ['./me.component.scss']\r\n})\r\nexport class MeComponent implements OnInit {\r\n\r\n  public user: User | undefined;\r\n\r\n  constructor(private router: Router,\r\n              private sessionService: SessionService,\r\n              private matSnackBar: MatSnackBar,\r\n              private userService: UserService) {\r\n  }\r\n\r\n  public ngOnInit(): void {\r\n    this.userService\r\n      .getById(this.sessionService.sessionInformation!.id.toString())\r\n      .subscribe((user: User) => this.user = user);\r\n  }\r\n\r\n  public back(): void {\r\n    window.history.back();\r\n  }\r\n\r\n  public delete(): void {\r\n    this.userService\r\n      .delete(this.sessionService.sessionInformation!.id.toString())\r\n      .subscribe((_) => {\r\n        this.matSnackBar.open(\"Your account has been deleted !\", 'Close', { duration: 3000 });\r\n        this.sessionService.logOut();\r\n        this.router.navigate(['/']);\r\n      })\r\n  }\r\n\r\n}\r\n"
      ]
    },
    "_coverageSchema": "1a1c01bbd47fc00a2c39e90264f33305004495a9",
    "hash": "ab9997820d713d4def49040af5eefa2318809959"
  },
  "C:\\Users\\aym-a\\Workspace\\OCR\\P5\\Testez-une-application-full-stack\\front\\src\\app\\components\\not-found\\not-found.component.ts": {
    "path": "C:\\Users\\aym-a\\Workspace\\OCR\\P5\\Testez-une-application-full-stack\\front\\src\\app\\components\\not-found\\not-found.component.ts",
    "statementMap": {
      "0": {
        "start": {
          "line": 2,
          "column": 44
        },
        "end": {
          "line": 25,
          "column": 4
        }
      },
      "1": {
        "start": {
          "line": 5,
          "column": 2
        },
        "end": {
          "line": 7,
          "column": 4
        }
      },
      "2": {
        "start": {
          "line": 6,
          "column": 4
        },
        "end": {
          "line": 6,
          "column": 42
        }
      },
      "3": {
        "start": {
          "line": 9,
          "column": 2
        },
        "end": {
          "line": 23,
          "column": 5
        }
      },
      "4": {
        "start": {
          "line": 16,
          "column": 6
        },
        "end": {
          "line": 20,
          "column": 7
        }
      },
      "5": {
        "start": {
          "line": 17,
          "column": 8
        },
        "end": {
          "line": 17,
          "column": 51
        }
      },
      "6": {
        "start": {
          "line": 18,
          "column": 8
        },
        "end": {
          "line": 18,
          "column": 41
        }
      },
      "7": {
        "start": {
          "line": 19,
          "column": 8
        },
        "end": {
          "line": 19,
          "column": 28
        }
      },
      "8": {
        "start": {
          "line": 24,
          "column": 2
        },
        "end": {
          "line": 24,
          "column": 27
        }
      }
    },
    "fnMap": {
      "0": {
        "name": "(anonymous_0)",
        "decl": {
          "start": {
            "line": 2,
            "column": 45
          },
          "end": {
            "line": 2,
            "column": 46
          }
        },
        "loc": {
          "start": {
            "line": 2,
            "column": 51
          },
          "end": {
            "line": 25,
            "column": 1
          }
        },
        "line": 2
      },
      "1": {
        "name": "NotFoundComponent_Factory",
        "decl": {
          "start": {
            "line": 5,
            "column": 36
          },
          "end": {
            "line": 5,
            "column": 61
          }
        },
        "loc": {
          "start": {
            "line": 5,
            "column": 65
          },
          "end": {
            "line": 7,
            "column": 3
          }
        },
        "line": 5
      },
      "2": {
        "name": "NotFoundComponent_Template",
        "decl": {
          "start": {
            "line": 15,
            "column": 23
          },
          "end": {
            "line": 15,
            "column": 49
          }
        },
        "loc": {
          "start": {
            "line": 15,
            "column": 59
          },
          "end": {
            "line": 21,
            "column": 5
          }
        },
        "line": 15
      }
    },
    "branchMap": {
      "0": {
        "loc": {
          "start": {
            "line": 6,
            "column": 16
          },
          "end": {
            "line": 6,
            "column": 38
          }
        },
        "type": "binary-expr",
        "locations": [
          {
            "start": {
              "line": 6,
              "column": 16
            },
            "end": {
              "line": 6,
              "column": 17
            }
          },
          {
            "start": {
              "line": 6,
              "column": 21
            },
            "end": {
              "line": 6,
              "column": 38
            }
          }
        ],
        "line": 6
      },
      "1": {
        "loc": {
          "start": {
            "line": 16,
            "column": 6
          },
          "end": {
            "line": 20,
            "column": 7
          }
        },
        "type": "if",
        "locations": [
          {
            "start": {
              "line": 16,
              "column": 6
            },
            "end": {
              "line": 20,
              "column": 7
            }
          },
          {
            "start": {
              "line": 16,
              "column": 6
            },
            "end": {
              "line": 20,
              "column": 7
            }
          }
        ],
        "line": 16
      }
    },
    "s": {
      "0": 345,
      "1": 345,
      "2": 8,
      "3": 345,
      "4": 24,
      "5": 8,
      "6": 8,
      "7": 8,
      "8": 345
    },
    "f": {
      "0": 345,
      "1": 8,
      "2": 24
    },
    "b": {
      "0": [
        8,
        8
      ],
      "1": [
        8,
        16
      ]
    },
    "inputSourceMap": {
      "version": 3,
      "mappings": ";AAOA,WAAaA,iBAAb;EAAM,MAAOA,iBAAP,CAAwB;;;qBAAjBA;EAAiB;;;UAAjBA;IAAiBC;IAAAC;IAAAC;IAAAC;IAAAC;MAAA;QCP9BC,+BAAqC,CAArC,EAAqC,IAArC,EAAqC,CAArC;QACgCA;QAAgBA;;;;;EDMhD,OAAaN,iBAAb;AAAA",
      "names": [
        "NotFoundComponent",
        "selectors",
        "decls",
        "vars",
        "consts",
        "template",
        "i0"
      ],
      "sourceRoot": "",
      "sources": [
        "C:\\Users\\aym-a\\Workspace\\OCR\\P5\\Testez-une-application-full-stack\\front\\src\\app\\components\\not-found\\not-found.component.ts",
        "C:\\Users\\aym-a\\Workspace\\OCR\\P5\\Testez-une-application-full-stack\\front\\src\\app\\components\\not-found\\not-found.component.html"
      ],
      "sourcesContent": [
        "import { Component } from '@angular/core';\r\n\r\n@Component({\r\n  selector: 'app-not-found',\r\n  templateUrl: './not-found.component.html',\r\n  styleUrls: ['./not-found.component.scss']\r\n})\r\nexport class NotFoundComponent {\r\n}\r\n",
        "<div class=\"flex justify-center mt3\">\r\n        <h1 data-cy=\"not-found\">Page not found !</h1>\r\n</div>\r\n"
      ]
    },
    "_coverageSchema": "1a1c01bbd47fc00a2c39e90264f33305004495a9",
    "hash": "d676ed28c7ceb0e9eaf9e6199de2bc80f2030edc"
  },
  "C:\\Users\\aym-a\\Workspace\\OCR\\P5\\Testez-une-application-full-stack\\front\\src\\app\\guards\\auth.guard.ts": {
    "path": "C:\\Users\\aym-a\\Workspace\\OCR\\P5\\Testez-une-application-full-stack\\front\\src\\app\\guards\\auth.guard.ts",
    "statementMap": {
      "0": {
        "start": {
          "line": 5,
          "column": 36
        },
        "end": {
          "line": 33,
          "column": 4
        }
      },
      "1": {
        "start": {
          "line": 8,
          "column": 6
        },
        "end": {
          "line": 8,
          "column": 27
        }
      },
      "2": {
        "start": {
          "line": 9,
          "column": 6
        },
        "end": {
          "line": 9,
          "column": 43
        }
      },
      "3": {
        "start": {
          "line": 13,
          "column": 6
        },
        "end": {
          "line": 16,
          "column": 7
        }
      },
      "4": {
        "start": {
          "line": 14,
          "column": 8
        },
        "end": {
          "line": 14,
          "column": 40
        }
      },
      "5": {
        "start": {
          "line": 15,
          "column": 8
        },
        "end": {
          "line": 15,
          "column": 21
        }
      },
      "6": {
        "start": {
          "line": 18,
          "column": 6
        },
        "end": {
          "line": 18,
          "column": 18
        }
      },
      "7": {
        "start": {
          "line": 23,
          "column": 2
        },
        "end": {
          "line": 25,
          "column": 4
        }
      },
      "8": {
        "start": {
          "line": 24,
          "column": 4
        },
        "end": {
          "line": 24,
          "column": 88
        }
      },
      "9": {
        "start": {
          "line": 27,
          "column": 2
        },
        "end": {
          "line": 31,
          "column": 5
        }
      },
      "10": {
        "start": {
          "line": 32,
          "column": 2
        },
        "end": {
          "line": 32,
          "column": 19
        }
      }
    },
    "fnMap": {
      "0": {
        "name": "(anonymous_0)",
        "decl": {
          "start": {
            "line": 5,
            "column": 37
          },
          "end": {
            "line": 5,
            "column": 38
          }
        },
        "loc": {
          "start": {
            "line": 5,
            "column": 43
          },
          "end": {
            "line": 33,
            "column": 1
          }
        },
        "line": 5
      },
      "1": {
        "name": "(anonymous_1)",
        "decl": {
          "start": {
            "line": 7,
            "column": 4
          },
          "end": {
            "line": 7,
            "column": 5
          }
        },
        "loc": {
          "start": {
            "line": 7,
            "column": 40
          },
          "end": {
            "line": 10,
            "column": 5
          }
        },
        "line": 7
      },
      "2": {
        "name": "(anonymous_2)",
        "decl": {
          "start": {
            "line": 12,
            "column": 4
          },
          "end": {
            "line": 12,
            "column": 5
          }
        },
        "loc": {
          "start": {
            "line": 12,
            "column": 18
          },
          "end": {
            "line": 19,
            "column": 5
          }
        },
        "line": 12
      },
      "3": {
        "name": "AuthGuard_Factory",
        "decl": {
          "start": {
            "line": 23,
            "column": 28
          },
          "end": {
            "line": 23,
            "column": 45
          }
        },
        "loc": {
          "start": {
            "line": 23,
            "column": 49
          },
          "end": {
            "line": 25,
            "column": 3
          }
        },
        "line": 23
      }
    },
    "branchMap": {
      "0": {
        "loc": {
          "start": {
            "line": 13,
            "column": 6
          },
          "end": {
            "line": 16,
            "column": 7
          }
        },
        "type": "if",
        "locations": [
          {
            "start": {
              "line": 13,
              "column": 6
            },
            "end": {
              "line": 16,
              "column": 7
            }
          },
          {
            "start": {
              "line": 13,
              "column": 6
            },
            "end": {
              "line": 16,
              "column": 7
            }
          }
        ],
        "line": 13
      },
      "1": {
        "loc": {
          "start": {
            "line": 24,
            "column": 16
          },
          "end": {
            "line": 24,
            "column": 30
          }
        },
        "type": "binary-expr",
        "locations": [
          {
            "start": {
              "line": 24,
              "column": 16
            },
            "end": {
              "line": 24,
              "column": 17
            }
          },
          {
            "start": {
              "line": 24,
              "column": 21
            },
            "end": {
              "line": 24,
              "column": 30
            }
          }
        ],
        "line": 24
      }
    },
    "s": {
      "0": 345,
      "1": 177,
      "2": 177,
      "3": 222,
      "4": 0,
      "5": 0,
      "6": 222,
      "7": 345,
      "8": 177,
      "9": 345,
      "10": 345
    },
    "f": {
      "0": 345,
      "1": 177,
      "2": 222,
      "3": 177
    },
    "b": {
      "0": [
        0,
        222
      ],
      "1": [
        177,
        177
      ]
    },
    "inputSourceMap": {
      "version": 3,
      "mappings": "AACA,SAAqBA,MAArB,QAAkC,iBAAlC;;;;AAIA,WAAaC,SAAb;EAAM,MAAOA,SAAP,CAAgB;IAEpBC,YACUC,MADV,EAEUC,cAFV,EAEwC;MAD9B;MACA;IAET;;IAEMC,WAAW;MAChB,IAAI,CAAC,KAAKD,cAAL,CAAoBE,QAAzB,EAAmC;QACjC,KAAKH,MAAL,CAAYI,QAAZ,CAAqB,CAAC,OAAD,CAArB;QACA,OAAO,KAAP;MACD;;MACD,OAAO,IAAP;IACD;;EAdmB;;;qBAATN,WAASO;EAAA;;;WAATP;IAASQ,SAATR,SAAS;IAAAS,YADG;;EACzB,OAAaT,SAAb;AAAA",
      "names": [
        "Router",
        "AuthGuard",
        "constructor",
        "router",
        "sessionService",
        "canActivate",
        "isLogged",
        "navigate",
        "i0",
        "factory",
        "providedIn"
      ],
      "sourceRoot": "",
      "sources": [
        "C:\\Users\\aym-a\\Workspace\\OCR\\P5\\Testez-une-application-full-stack\\front\\src\\app\\guards\\auth.guard.ts"
      ],
      "sourcesContent": [
        "import {Injectable} from \"@angular/core\";\r\nimport {CanActivate, Router} from \"@angular/router\"; \r\nimport { SessionService } from \"../services/session.service\";\r\n\r\n@Injectable({providedIn: 'root'})\r\nexport class AuthGuard implements CanActivate {\r\n\r\n  constructor( \r\n    private router: Router,\r\n    private sessionService: SessionService,\r\n  ) {\r\n  }\r\n\r\n  public canActivate(): boolean {\r\n    if (!this.sessionService.isLogged) {\r\n      this.router.navigate(['login']);\r\n      return false;\r\n    }\r\n    return true;\r\n  }\r\n}"
      ]
    },
    "_coverageSchema": "1a1c01bbd47fc00a2c39e90264f33305004495a9",
    "hash": "82a1df77ab833849196718080074977fb2a3dd05"
  },
  "C:\\Users\\aym-a\\Workspace\\OCR\\P5\\Testez-une-application-full-stack\\front\\src\\app\\guards\\unauth.guard.ts": {
    "path": "C:\\Users\\aym-a\\Workspace\\OCR\\P5\\Testez-une-application-full-stack\\front\\src\\app\\guards\\unauth.guard.ts",
    "statementMap": {
      "0": {
        "start": {
          "line": 5,
          "column": 38
        },
        "end": {
          "line": 33,
          "column": 4
        }
      },
      "1": {
        "start": {
          "line": 8,
          "column": 6
        },
        "end": {
          "line": 8,
          "column": 27
        }
      },
      "2": {
        "start": {
          "line": 9,
          "column": 6
        },
        "end": {
          "line": 9,
          "column": 43
        }
      },
      "3": {
        "start": {
          "line": 13,
          "column": 6
        },
        "end": {
          "line": 16,
          "column": 7
        }
      },
      "4": {
        "start": {
          "line": 14,
          "column": 8
        },
        "end": {
          "line": 14,
          "column": 35
        }
      },
      "5": {
        "start": {
          "line": 15,
          "column": 8
        },
        "end": {
          "line": 15,
          "column": 21
        }
      },
      "6": {
        "start": {
          "line": 18,
          "column": 6
        },
        "end": {
          "line": 18,
          "column": 18
        }
      },
      "7": {
        "start": {
          "line": 23,
          "column": 2
        },
        "end": {
          "line": 25,
          "column": 4
        }
      },
      "8": {
        "start": {
          "line": 24,
          "column": 4
        },
        "end": {
          "line": 24,
          "column": 90
        }
      },
      "9": {
        "start": {
          "line": 27,
          "column": 2
        },
        "end": {
          "line": 31,
          "column": 5
        }
      },
      "10": {
        "start": {
          "line": 32,
          "column": 2
        },
        "end": {
          "line": 32,
          "column": 21
        }
      }
    },
    "fnMap": {
      "0": {
        "name": "(anonymous_0)",
        "decl": {
          "start": {
            "line": 5,
            "column": 39
          },
          "end": {
            "line": 5,
            "column": 40
          }
        },
        "loc": {
          "start": {
            "line": 5,
            "column": 45
          },
          "end": {
            "line": 33,
            "column": 1
          }
        },
        "line": 5
      },
      "1": {
        "name": "(anonymous_1)",
        "decl": {
          "start": {
            "line": 7,
            "column": 4
          },
          "end": {
            "line": 7,
            "column": 5
          }
        },
        "loc": {
          "start": {
            "line": 7,
            "column": 40
          },
          "end": {
            "line": 10,
            "column": 5
          }
        },
        "line": 7
      },
      "2": {
        "name": "(anonymous_2)",
        "decl": {
          "start": {
            "line": 12,
            "column": 4
          },
          "end": {
            "line": 12,
            "column": 5
          }
        },
        "loc": {
          "start": {
            "line": 12,
            "column": 18
          },
          "end": {
            "line": 19,
            "column": 5
          }
        },
        "line": 12
      },
      "3": {
        "name": "UnauthGuard_Factory",
        "decl": {
          "start": {
            "line": 23,
            "column": 30
          },
          "end": {
            "line": 23,
            "column": 49
          }
        },
        "loc": {
          "start": {
            "line": 23,
            "column": 53
          },
          "end": {
            "line": 25,
            "column": 3
          }
        },
        "line": 23
      }
    },
    "branchMap": {
      "0": {
        "loc": {
          "start": {
            "line": 13,
            "column": 6
          },
          "end": {
            "line": 16,
            "column": 7
          }
        },
        "type": "if",
        "locations": [
          {
            "start": {
              "line": 13,
              "column": 6
            },
            "end": {
              "line": 16,
              "column": 7
            }
          },
          {
            "start": {
              "line": 13,
              "column": 6
            },
            "end": {
              "line": 16,
              "column": 7
            }
          }
        ],
        "line": 13
      },
      "1": {
        "loc": {
          "start": {
            "line": 24,
            "column": 16
          },
          "end": {
            "line": 24,
            "column": 32
          }
        },
        "type": "binary-expr",
        "locations": [
          {
            "start": {
              "line": 24,
              "column": 16
            },
            "end": {
              "line": 24,
              "column": 17
            }
          },
          {
            "start": {
              "line": 24,
              "column": 21
            },
            "end": {
              "line": 24,
              "column": 32
            }
          }
        ],
        "line": 24
      }
    },
    "s": {
      "0": 345,
      "1": 337,
      "2": 337,
      "3": 352,
      "4": 0,
      "5": 0,
      "6": 352,
      "7": 345,
      "8": 337,
      "9": 345,
      "10": 345
    },
    "f": {
      "0": 345,
      "1": 337,
      "2": 352,
      "3": 337
    },
    "b": {
      "0": [
        0,
        352
      ],
      "1": [
        337,
        337
      ]
    },
    "inputSourceMap": {
      "version": 3,
      "mappings": "AACA,SAAqBA,MAArB,QAAkC,iBAAlC;;;;AAIA,WAAaC,WAAb;EAAM,MAAOA,WAAP,CAAkB;IAEtBC,YACUC,MADV,EAEUC,cAFV,EAEwC;MAD9B;MACA;IAET;;IAEMC,WAAW;MAChB,IAAI,KAAKD,cAAL,CAAoBE,QAAxB,EAAkC;QAChC,KAAKH,MAAL,CAAYI,QAAZ,CAAqB,CAAC,EAAD,CAArB;QACA,OAAO,KAAP;MACD;;MACD,OAAO,IAAP;IACD;;EAdqB;;;qBAAXN,aAAWO;EAAA;;;WAAXP;IAAWQ,SAAXR,WAAW;IAAAS,YADC;;EACzB,OAAaT,WAAb;AAAA",
      "names": [
        "Router",
        "UnauthGuard",
        "constructor",
        "router",
        "sessionService",
        "canActivate",
        "isLogged",
        "navigate",
        "i0",
        "factory",
        "providedIn"
      ],
      "sourceRoot": "",
      "sources": [
        "C:\\Users\\aym-a\\Workspace\\OCR\\P5\\Testez-une-application-full-stack\\front\\src\\app\\guards\\unauth.guard.ts"
      ],
      "sourcesContent": [
        "import {Injectable} from \"@angular/core\";\r\nimport {CanActivate, Router} from \"@angular/router\";\r\nimport { SessionService } from \"../services/session.service\";\r\n\r\n@Injectable({providedIn: 'root'})\r\nexport class UnauthGuard implements CanActivate {\r\n\r\n  constructor(\r\n    private router: Router,\r\n    private sessionService: SessionService,\r\n  ) {\r\n  }\r\n\r\n  public canActivate(): boolean {\r\n    if (this.sessionService.isLogged) {\r\n      this.router.navigate(['']);\r\n      return false;\r\n    }\r\n    return true;\r\n  }\r\n}\r\n"
      ]
    },
    "_coverageSchema": "1a1c01bbd47fc00a2c39e90264f33305004495a9",
    "hash": "3cfc80f2dd291f4fe484cfb4411cf5549a8fbb8c"
  },
  "C:\\Users\\aym-a\\Workspace\\OCR\\P5\\Testez-une-application-full-stack\\front\\src\\app\\app-routing.module.ts": {
    "path": "C:\\Users\\aym-a\\Workspace\\OCR\\P5\\Testez-une-application-full-stack\\front\\src\\app\\app-routing.module.ts",
    "statementMap": {
      "0": {
        "start": {
          "line": 8,
          "column": 15
        },
        "end": {
          "line": 26,
          "column": 2
        }
      },
      "1": {
        "start": {
          "line": 11,
          "column": 22
        },
        "end": {
          "line": 11,
          "column": 83
        }
      },
      "2": {
        "start": {
          "line": 11,
          "column": 70
        },
        "end": {
          "line": 11,
          "column": 82
        }
      },
      "3": {
        "start": {
          "line": 15,
          "column": 22
        },
        "end": {
          "line": 15,
          "column": 95
        }
      },
      "4": {
        "start": {
          "line": 15,
          "column": 78
        },
        "end": {
          "line": 15,
          "column": 94
        }
      },
      "5": {
        "start": {
          "line": 27,
          "column": 43
        },
        "end": {
          "line": 41,
          "column": 4
        }
      },
      "6": {
        "start": {
          "line": 30,
          "column": 2
        },
        "end": {
          "line": 32,
          "column": 4
        }
      },
      "7": {
        "start": {
          "line": 31,
          "column": 4
        },
        "end": {
          "line": 31,
          "column": 41
        }
      },
      "8": {
        "start": {
          "line": 34,
          "column": 2
        },
        "end": {
          "line": 36,
          "column": 5
        }
      },
      "9": {
        "start": {
          "line": 37,
          "column": 2
        },
        "end": {
          "line": 39,
          "column": 5
        }
      },
      "10": {
        "start": {
          "line": 40,
          "column": 2
        },
        "end": {
          "line": 40,
          "column": 26
        }
      }
    },
    "fnMap": {
      "0": {
        "name": "(anonymous_0)",
        "decl": {
          "start": {
            "line": 11,
            "column": 16
          },
          "end": {
            "line": 11,
            "column": 17
          }
        },
        "loc": {
          "start": {
            "line": 11,
            "column": 22
          },
          "end": {
            "line": 11,
            "column": 83
          }
        },
        "line": 11
      },
      "1": {
        "name": "(anonymous_1)",
        "decl": {
          "start": {
            "line": 11,
            "column": 65
          },
          "end": {
            "line": 11,
            "column": 66
          }
        },
        "loc": {
          "start": {
            "line": 11,
            "column": 70
          },
          "end": {
            "line": 11,
            "column": 82
          }
        },
        "line": 11
      },
      "2": {
        "name": "(anonymous_2)",
        "decl": {
          "start": {
            "line": 15,
            "column": 16
          },
          "end": {
            "line": 15,
            "column": 17
          }
        },
        "loc": {
          "start": {
            "line": 15,
            "column": 22
          },
          "end": {
            "line": 15,
            "column": 95
          }
        },
        "line": 15
      },
      "3": {
        "name": "(anonymous_3)",
        "decl": {
          "start": {
            "line": 15,
            "column": 73
          },
          "end": {
            "line": 15,
            "column": 74
          }
        },
        "loc": {
          "start": {
            "line": 15,
            "column": 78
          },
          "end": {
            "line": 15,
            "column": 94
          }
        },
        "line": 15
      },
      "4": {
        "name": "(anonymous_4)",
        "decl": {
          "start": {
            "line": 27,
            "column": 44
          },
          "end": {
            "line": 27,
            "column": 45
          }
        },
        "loc": {
          "start": {
            "line": 27,
            "column": 50
          },
          "end": {
            "line": 41,
            "column": 1
          }
        },
        "line": 27
      },
      "5": {
        "name": "AppRoutingModule_Factory",
        "decl": {
          "start": {
            "line": 30,
            "column": 35
          },
          "end": {
            "line": 30,
            "column": 59
          }
        },
        "loc": {
          "start": {
            "line": 30,
            "column": 63
          },
          "end": {
            "line": 32,
            "column": 3
          }
        },
        "line": 30
      }
    },
    "branchMap": {
      "0": {
        "loc": {
          "start": {
            "line": 31,
            "column": 16
          },
          "end": {
            "line": 31,
            "column": 37
          }
        },
        "type": "binary-expr",
        "locations": [
          {
            "start": {
              "line": 31,
              "column": 16
            },
            "end": {
[...]
              "line": 114,
              "column": 6
            },
            "end": {
              "line": 124,
              "column": 7
            }
          },
          {
            "start": {
              "line": 114,
              "column": 6
            },
            "end": {
              "line": 124,
              "column": 7
            }
          }
        ],
        "line": 114
      },
      "7": {
        "loc": {
          "start": {
            "line": 126,
            "column": 6
          },
          "end": {
            "line": 131,
            "column": 7
          }
        },
        "type": "if",
        "locations": [
          {
            "start": {
              "line": 126,
              "column": 6
            },
            "end": {
              "line": 131,
              "column": 7
            }
          },
          {
            "start": {
              "line": 126,
              "column": 6
            },
            "end": {
              "line": 131,
              "column": 7
            }
          }
        ],
        "line": 126
      }
    },
    "s": {
      "0": 1291,
      "1": 139,
      "2": 139,
      "3": 139,
      "4": 139,
      "5": 139,
      "6": 139,
      "7": 177,
      "8": 156,
      "9": 468,
      "10": 156,
      "11": 156,
      "12": 156,
      "13": 156,
      "14": 156,
      "15": 156,
      "16": 468,
      "17": 312,
      "18": 312,
      "19": 312,
      "20": 177,
      "21": 226,
      "22": 678,
      "23": 226,
      "24": 226,
      "25": 226,
      "26": 226,
      "27": 226,
      "28": 226,
      "29": 226,
      "30": 226,
      "31": 226,
      "32": 226,
      "33": 226,
      "34": 226,
      "35": 226,
      "36": 226,
      "37": 226,
      "38": 226,
      "39": 226,
      "40": 226,
      "41": 226,
      "42": 226,
      "43": 226,
      "44": 678,
      "45": 452,
      "46": 452,
      "47": 452,
      "48": 452,
      "49": 452,
      "50": 452,
      "51": 452,
      "52": 452,
      "53": 452,
      "54": 452,
      "55": 452,
      "56": 452,
      "57": 452,
      "58": 177,
      "59": 219,
      "60": 219,
      "61": 219,
      "62": 2289,
      "63": 177,
      "64": 219,
      "65": 177,
      "66": 2056,
      "67": 219,
      "68": 219,
      "69": 219,
      "70": 219,
      "71": 219,
      "72": 219,
      "73": 219,
      "74": 219,
      "75": 219,
      "76": 2056,
      "77": 1837,
      "78": 1837,
      "79": 1837,
      "80": 1837,
      "81": 177
    },
    "f": {
      "0": 1291,
      "1": 156,
      "2": 468,
      "3": 226,
      "4": 678,
      "5": 177,
      "6": 219,
      "7": 2289,
      "8": 219,
      "9": 2056
    },
    "b": {
      "0": [
        139,
        1152
      ],
      "1": [
        156,
        312
      ],
      "2": [
        312,
        156
      ],
      "3": [
        226,
        452
      ],
      "4": [
        452,
        226
      ],
      "5": [
        219,
        219
      ],
      "6": [
        219,
        1837
      ],
      "7": [
        1837,
        219
      ]
    },
    "inputSourceMap": {
      "version": 3,
      "mappings": ";;;;;;;;;;;;IAIMA,kCAA2G,CAA3G,EAA2G,UAA3G;IACYA;IAAGA;IACbA;IAAkBA;IAAMA;;;;;;;;;;IAwBtBA,mCAC6C,CAD7C,EAC6C,UAD7C;IAEYA;IAAIA;IACdA;IAAkBA;IAAIA;;;;;IAFhBA;IADAA;;;;;;;;;;IApBZA,oCAA0E,CAA1E,EAA0E,iBAA1E,EAA0E,CAA1E,EAA0E,gBAA1E,EAA0E,CAA1E;IAE2CA;IAAkBA;IACzDA;IACEA;;IACFA;IAEFA;IACEA;IACFA;IACAA,yCAAkB,EAAlB,EAAkB,GAAlB,EAAkB,EAAlB;IAEIA;IACFA;IAEFA,0CAAkB,EAAlB,EAAkB,QAAlB,EAAkB,EAAlB,EAAkB,EAAlB,EAAkB,UAAlB;IAEcA;IAAMA;IAChBA;IAAkBA;IAAMA;IAE1BA;IAKFA;;;;;;IAvByCA;IAAAA;IAErCA;IAAAA;IAQAA;IAAAA;IAIwFA;IAAAA;IAAlFA;IAIgDA;IAAAA;;;;AClBlE,WAAaC,aAAb;EAAM,MAAOA,aAAP,CAAoB;IAIxBC,YACUC,cADV,EAEUC,iBAFV,EAE8C;MADpC;MACA;MAJH,iBAAmC,KAAKA,iBAAL,CAAuBC,GAAvB,EAAnC;IAKF;;IAEG,IAAJC,IAAI;MACN,OAAO,KAAKH,cAAL,CAAoBI,kBAA3B;IACD;;EAXuB;;;qBAAbN,eAAaD;EAAA;;;UAAbC;IAAaO;IAAAC;IAAAC;IAAAC;IAAAC;MAAA;QDZ1BZ,+BAAkB,CAAlB,EAAkB,UAAlB,EAAkB,CAAlB,EAAkB,iBAAlB,EAAkB,CAAlB,EAAkB,CAAlB,EAAkB,gBAAlB,EAAkB,CAAlB;QAGiCA;QAAiBA;QAC5CA;QAIFA;QACAA;QACEA;;QA2BFA;;;;QAjCoCA;QAAAA;QAMSA;QAAAA;;;;;;ECEjD,OAAaC,aAAb;AAAA",
      "names": [
        "i0",
        "ListComponent",
        "constructor",
        "sessionService",
        "sessionApiService",
        "all",
        "user",
        "sessionInformation",
        "selectors",
        "decls",
        "vars",
        "consts",
        "template"
      ],
      "sourceRoot": "",
      "sources": [
        "C:\\Users\\aym-a\\Workspace\\OCR\\P5\\Testez-une-application-full-stack\\front\\src\\app\\features\\sessions\\components\\list\\list.component.html",
        "C:\\Users\\aym-a\\Workspace\\OCR\\P5\\Testez-une-application-full-stack\\front\\src\\app\\features\\sessions\\components\\list\\list.component.ts"
      ],
      "sourcesContent": [
        "<div class=\"list\">\r\n  <mat-card>\r\n    <mat-card-header fxLayout=\"row\" fxLayoutAlign=\"space-between center\">\r\n      <mat-card-title class=\"m0\">Session available</mat-card-title>\r\n      <button data-cy=\"create-session\" *ngIf=\"user!.admin\" mat-raised-button color=\"primary\" routerLink=\"create\">\r\n        <mat-icon>add</mat-icon>\r\n        <span class=\"ml1\">Create</span>\r\n      </button>\r\n    </mat-card-header>\r\n    <div class=\"items mt2\" fxLayout=\"row wrap\" fxLayout.lt-md=\"column\">\r\n      <mat-card class=\"item\" *ngFor=\"let session of (sessions$ | async)\" fxFlex>\r\n        <mat-card-header>\r\n          <mat-card-title data-cy=\"session-name\">{{ session.name }}</mat-card-title>\r\n          <mat-card-subtitle>\r\n            Session on {{ session.date | date: 'longDate' }}\r\n          </mat-card-subtitle>\r\n        </mat-card-header>\r\n        <div mat-card-image fxLayoutAlign=\"center center\">\r\n          <img class=\"picture\" src=\"assets/sessions.png\" alt=\"Yoga session\">\r\n        </div>\r\n        <mat-card-content>\r\n          <p data-cy=\"session-description\">\r\n            {{ session.description }}\r\n          </p>\r\n        </mat-card-content>\r\n        <mat-card-actions>\r\n          <button [attr.data-cy]=\"'detail-session-' + session.id\" mat-raised-button color=\"primary\" [routerLink]=\"['detail',session.id]\">\r\n            <mat-icon>search</mat-icon>\r\n            <span class=\"ml1\">Detail</span>\r\n          </button>\r\n          <button [attr.data-cy]=\"'edit-session-'  + session.id\" *ngIf=\"user!.admin\" mat-raised-button color=\"primary\"\r\n                  [routerLink]=\"['update',session.id]\">\r\n            <mat-icon>edit</mat-icon>\r\n            <span class=\"ml1\">Edit</span>\r\n          </button>\r\n        </mat-card-actions>\r\n      </mat-card>\r\n    </div>\r\n  </mat-card>\r\n</div>\r\n",
        "import { Component } from '@angular/core';\r\nimport { Observable } from 'rxjs';\r\nimport { SessionInformation } from '../../../../interfaces/sessionInformation.interface';\r\nimport { SessionService } from '../../../../services/session.service';\r\nimport { Session } from '../../interfaces/session.interface';\r\nimport { SessionApiService } from '../../services/session-api.service';\r\n\r\n@Component({\r\n  selector: 'app-list',\r\n  templateUrl: './list.component.html',\r\n  styleUrls: ['./list.component.scss']\r\n})\r\nexport class ListComponent {\r\n\r\n  public sessions$: Observable<Session[]> = this.sessionApiService.all();\r\n\r\n  constructor(\r\n    private sessionService: SessionService,\r\n    private sessionApiService: SessionApiService\r\n  ) { }\r\n\r\n  get user(): SessionInformation | undefined {\r\n    return this.sessionService.sessionInformation;\r\n  }\r\n}\r\n"
      ]
    },
    "_coverageSchema": "1a1c01bbd47fc00a2c39e90264f33305004495a9",
    "hash": "4038459996dd9ab406a34d15050b65a3d5330af5"
  },
  "C:\\Users\\aym-a\\Workspace\\OCR\\P5\\Testez-une-application-full-stack\\front\\src\\app\\features\\sessions\\sessions-routing.module.ts": {
    "path": "C:\\Users\\aym-a\\Workspace\\OCR\\P5\\Testez-une-application-full-stack\\front\\src\\app\\features\\sessions\\sessions-routing.module.ts",
    "statementMap": {
      "0": {
        "start": {
          "line": 7,
          "column": 15
        },
        "end": {
          "line": 23,
          "column": 2
        }
      },
      "1": {
        "start": {
          "line": 24,
          "column": 48
        },
        "end": {
          "line": 38,
          "column": 4
        }
      },
      "2": {
        "start": {
          "line": 27,
          "column": 2
        },
        "end": {
          "line": 29,
          "column": 4
        }
      },
      "3": {
        "start": {
          "line": 28,
          "column": 4
        },
        "end": {
          "line": 28,
          "column": 46
        }
      },
      "4": {
        "start": {
          "line": 31,
          "column": 2
        },
        "end": {
          "line": 33,
          "column": 5
        }
      },
      "5": {
        "start": {
          "line": 34,
          "column": 2
        },
        "end": {
          "line": 36,
          "column": 5
        }
      },
      "6": {
        "start": {
          "line": 37,
          "column": 2
        },
        "end": {
          "line": 37,
          "column": 31
        }
      }
    },
    "fnMap": {
      "0": {
        "name": "(anonymous_0)",
        "decl": {
          "start": {
            "line": 24,
            "column": 49
          },
          "end": {
            "line": 24,
            "column": 50
          }
        },
        "loc": {
          "start": {
            "line": 24,
            "column": 55
          },
          "end": {
            "line": 38,
            "column": 1
          }
        },
        "line": 24
      },
      "1": {
        "name": "SessionsRoutingModule_Factory",
        "decl": {
          "start": {
            "line": 27,
            "column": 40
          },
          "end": {
            "line": 27,
            "column": 69
          }
        },
        "loc": {
          "start": {
            "line": 27,
            "column": 73
          },
          "end": {
            "line": 29,
            "column": 3
          }
        },
        "line": 27
      }
    },
    "branchMap": {
      "0": {
        "loc": {
          "start": {
            "line": 28,
            "column": 16
          },
          "end": {
            "line": 28,
            "column": 42
          }
        },
        "type": "binary-expr",
        "locations": [
          {
            "start": {
              "line": 28,
              "column": 16
            },
            "end": {
              "line": 28,
              "column": 17
            }
          },
          {
            "start": {
              "line": 28,
              "column": 21
            },
            "end": {
              "line": 28,
              "column": 42
            }
          }
        ],
        "line": 28
      }
    },
    "s": {
      "0": 177,
      "1": 177,
      "2": 177,
      "3": 177,
      "4": 177,
      "5": 177,
      "6": 177
    },
    "f": {
      "0": 177,
      "1": 177
    },
    "b": {
      "0": [
        177,
        177
      ]
    },
    "inputSourceMap": {
      "version": 3,
      "mappings": "AACA,SAASA,YAAT,QAAqC,iBAArC;AACA,SAASC,eAAT,QAAgC,sCAAhC;AACA,SAASC,aAAT,QAA8B,kCAA9B;AACA,SAASC,aAAT,QAA8B,kCAA9B;;;AAEA,MAAMC,MAAM,GAAW,CACrB;EAAEC,IAAI,EAAE,EAAR;EAAYC,KAAK,EAAE,UAAnB;EAA+BC,SAAS,EAAEJ;AAA1C,CADqB,EAErB;EAAEE,IAAI,EAAE,YAAR;EAAsBC,KAAK,EAAE,mBAA7B;EAAkDC,SAAS,EAAEN;AAA7D,CAFqB,EAGrB;EAAEI,IAAI,EAAE,QAAR;EAAkBC,KAAK,EAAE,mBAAzB;EAA8CC,SAAS,EAAEL;AAAzD,CAHqB,EAIrB;EAAEG,IAAI,EAAE,YAAR;EAAsBC,KAAK,EAAE,mBAA7B;EAAkDC,SAAS,EAAEL;AAA7D,CAJqB,CAAvB;AAWA,WAAaM,qBAAb;EAAM,MAAOA,qBAAP,CAA4B;;;qBAArBA;EAAqB;;;UAArBA;;;cAHDR,YAAY,CAACS,QAAb,CAAsBL,MAAtB,GACAJ;;EAEZ,OAAaQ,qBAAb;AAAA",
      "names": [
        "RouterModule",
        "DetailComponent",
        "FormComponent",
        "ListComponent",
        "routes",
        "path",
        "title",
        "component",
        "SessionsRoutingModule",
        "forChild"
      ],
      "sourceRoot": "",
      "sources": [
        "C:\\Users\\aym-a\\Workspace\\OCR\\P5\\Testez-une-application-full-stack\\front\\src\\app\\features\\sessions\\sessions-routing.module.ts"
      ],
      "sourcesContent": [
        "import { NgModule } from '@angular/core';\r\nimport { RouterModule, Routes } from '@angular/router';\r\nimport { DetailComponent } from './components/detail/detail.component';\r\nimport { FormComponent } from './components/form/form.component';\r\nimport { ListComponent } from './components/list/list.component';\r\n\r\nconst routes: Routes = [\r\n  { path: '', title: 'Sessions', component: ListComponent },\r\n  { path: 'detail/:id', title: 'Sessions - detail', component: DetailComponent },\r\n  { path: 'create', title: 'Sessions - create', component: FormComponent },\r\n  { path: 'update/:id', title: 'Sessions - update', component: FormComponent }\r\n];\r\n\r\n@NgModule({\r\n  imports: [RouterModule.forChild(routes)],\r\n  exports: [RouterModule]\r\n})\r\nexport class SessionsRoutingModule {\r\n}\r\n"
      ]
    },
    "_coverageSchema": "1a1c01bbd47fc00a2c39e90264f33305004495a9",
    "hash": "2175abb3710a36bc5a76b4bc78a802c0c4d890a7"
  },
  "C:\\Users\\aym-a\\Workspace\\OCR\\P5\\Testez-une-application-full-stack\\front\\src\\app\\features\\sessions\\sessions.module.ts": {
    "path": "C:\\Users\\aym-a\\Workspace\\OCR\\P5\\Testez-une-application-full-stack\\front\\src\\app\\features\\sessions\\sessions.module.ts",
    "statementMap": {
      "0": {
        "start": {
          "line": 14,
          "column": 0
        },
        "end": {
          "line": 14,
          "column": 29
        }
      },
      "1": {
        "start": {
          "line": 15,
          "column": 24
        },
        "end": {
          "line": 15,
          "column": 143
        }
      },
      "2": {
        "start": {
          "line": 16,
          "column": 41
        },
        "end": {
          "line": 30,
          "column": 4
        }
      },
      "3": {
        "start": {
          "line": 19,
          "column": 2
        },
        "end": {
          "line": 21,
          "column": 4
        }
      },
      "4": {
        "start": {
          "line": 20,
          "column": 4
        },
        "end": {
          "line": 20,
          "column": 39
        }
      },
      "5": {
        "start": {
          "line": 23,
          "column": 2
        },
        "end": {
          "line": 25,
          "column": 5
        }
      },
      "6": {
        "start": {
          "line": 26,
          "column": 2
        },
        "end": {
          "line": 28,
          "column": 5
        }
      },
      "7": {
        "start": {
          "line": 29,
          "column": 2
        },
        "end": {
          "line": 29,
          "column": 24
        }
      }
    },
    "fnMap": {
      "0": {
        "name": "(anonymous_0)",
        "decl": {
          "start": {
            "line": 16,
            "column": 42
          },
          "end": {
            "line": 16,
            "column": 43
          }
        },
        "loc": {
          "start": {
            "line": 16,
            "column": 48
          },
          "end": {
            "line": 30,
            "column": 1
          }
        },
        "line": 16
      },
      "1": {
        "name": "SessionsModule_Factory",
        "decl": {
          "start": {
            "line": 19,
            "column": 33
          },
          "end": {
            "line": 19,
            "column": 55
          }
        },
        "loc": {
          "start": {
            "line": 19,
            "column": 59
          },
          "end": {
            "line": 21,
            "column": 3
          }
        },
        "line": 19
      }
    },
    "branchMap": {
      "0": {
        "loc": {
          "start": {
            "line": 20,
            "column": 16
          },
          "end": {
            "line": 20,
            "column": 35
          }
        },
        "type": "binary-expr",
        "locations": [
          {
            "start": {
              "line": 20,
              "column": 16
            },
            "end": {
              "line": 20,
              "column": 17
            }
          },
          {
            "start": {
              "line": 20,
              "column": 21
            },
            "end": {
              "line": 20,
              "column": 35
            }
          }
        ],
        "line": 20
      }
    },
    "s": {
      "0": 177,
      "1": 177,
      "2": 177,
      "3": 177,
      "4": 177,
      "5": 177,
      "6": 177,
      "7": 177
    },
    "f": {
      "0": 177,
      "1": 177
    },
    "b": {
      "0": [
        177,
        177
      ]
    },
    "inputSourceMap": {
      "version": 3,
      "mappings": "AACA,SAASA,YAAT,EAAuBC,kBAAvB,QAAiD,iBAAjD;AACA,SAASC,gBAAT,QAAiC,sBAAjC;AACA,SAASC,mBAAT,QAAoC,gBAApC;AACA,SAASC,eAAT,QAAgC,0BAAhC;AACA,SAASC,aAAT,QAA8B,wBAA9B;AACA,SAASC,kBAAT,QAAmC,8BAAnC;AACA,SAASC,aAAT,QAA8B,wBAA9B;AACA,SAASC,cAAT,QAA+B,yBAA/B;AACA,SAASC,eAAT,QAAgC,0BAAhC;AACA,SAASC,iBAAT,QAAkC,6BAAlC;AAIA,SAASC,qBAAT,QAAsC,2BAAtC;AACA,OAAOC,QAAP,MAAqB,4BAArB;;AACAX,kBAAkB,CAACW,QAAD,CAAlB;AAEA,MAAMC,eAAe,GAAG,CACtBT,eADsB,EAEtBC,aAFsB,EAGtBC,kBAHsB,EAItBC,aAJsB,EAKtBC,cALsB,EAMtBE,iBANsB,EAOtBD,eAPsB,CAAxB;AAwBA,WAAaK,cAAb;EAAM,MAAOA,cAAP,CAAqB;;;qBAAdA;EAAc;;;UAAdA;;;cAPTd,cACAE,kBACAC,qBACAQ,uBACGE;;EAGP,OAAaC,cAAb;AAAA",
      "names": [
        "CommonModule",
        "registerLocaleData",
        "FlexLayoutModule",
        "ReactiveFormsModule",
        "MatButtonModule",
        "MatCardModule",
        "MatFormFieldModule",
        "MatIconModule",
        "MatInputModule",
        "MatSelectModule",
        "MatSnackBarModule",
        "SessionsRoutingModule",
        "localeFr",
        "materialModules",
        "SessionsModule"
      ],
      "sourceRoot": "",
      "sources": [
        "C:\\Users\\aym-a\\Workspace\\OCR\\P5\\Testez-une-application-full-stack\\front\\src\\app\\features\\sessions\\sessions.module.ts"
      ],
      "sourcesContent": [
        "import { NgModule } from '@angular/core';\r\nimport { CommonModule, registerLocaleData } from '@angular/common';\r\nimport { FlexLayoutModule } from '@angular/flex-layout';\r\nimport { ReactiveFormsModule } from '@angular/forms';\r\nimport { MatButtonModule } from '@angular/material/button';\r\nimport { MatCardModule } from '@angular/material/card';\r\nimport { MatFormFieldModule } from '@angular/material/form-field';\r\nimport { MatIconModule } from '@angular/material/icon';\r\nimport { MatInputModule } from '@angular/material/input';\r\nimport { MatSelectModule } from '@angular/material/select';\r\nimport { MatSnackBarModule } from '@angular/material/snack-bar';\r\nimport { ListComponent } from './components/list/list.component';\r\nimport { FormComponent } from './components/form/form.component';\r\nimport { DetailComponent } from './components/detail/detail.component';\r\nimport { SessionsRoutingModule } from './sessions-routing.module';\r\nimport localeFr from '@angular/common/locales/fr';\r\nregisterLocaleData(localeFr);\r\n\r\nconst materialModules = [\r\n  MatButtonModule,\r\n  MatCardModule,\r\n  MatFormFieldModule,\r\n  MatIconModule,\r\n  MatInputModule,\r\n  MatSnackBarModule,\r\n  MatSelectModule\r\n];\r\n\r\n@NgModule({\r\n  declarations: [\r\n    ListComponent,\r\n    FormComponent,\r\n    DetailComponent\r\n  ],\r\n  imports: [\r\n    CommonModule,\r\n    FlexLayoutModule,\r\n    ReactiveFormsModule,\r\n    SessionsRoutingModule,\r\n    ...materialModules\r\n  ]\r\n})\r\nexport class SessionsModule { }\r\n"
      ]
    },
    "_coverageSchema": "1a1c01bbd47fc00a2c39e90264f33305004495a9",
    "hash": "534bb0a68fe5d4dab055fd6fbc03f0c50efbde81"
  }
}